<?xml version="1.0" encoding="UTF-8"?>
<testsuite name="com.crossover.techtrial.controller.CommentControllerTest" tests="6" skipped="0" failures="0" errors="0" timestamp="2018-05-15T12:56:32" hostname="ramazan-Lenovo-G50-70" time="0.604">
  <properties/>
  <testcase name="createComment" classname="com.crossover.techtrial.controller.CommentControllerTest" time="0.114"/>
  <testcase name="getAllComments" classname="com.crossover.techtrial.controller.CommentControllerTest" time="0.087"/>
  <testcase name="updateComment" classname="com.crossover.techtrial.controller.CommentControllerTest" time="0.099"/>
  <testcase name="getCommentsByArticleId" classname="com.crossover.techtrial.controller.CommentControllerTest" time="0.111"/>
  <testcase name="deleteComment" classname="com.crossover.techtrial.controller.CommentControllerTest" time="0.085"/>
  <testcase name="getComment" classname="com.crossover.techtrial.controller.CommentControllerTest" time="0.098"/>
  <system-out><![CDATA[2018-05-15 15:56:32.798  INFO 9970 --- [    Test worker] .b.t.c.SpringBootTestContextBootstrapper : Neither @ContextConfiguration nor @ContextHierarchy found for test class [com.crossover.techtrial.controller.CommentControllerTest], using SpringBootContextLoader
2018-05-15 15:56:32.799  INFO 9970 --- [    Test worker] o.s.t.c.support.AbstractContextLoader    : Could not detect default resource locations for test class [com.crossover.techtrial.controller.CommentControllerTest]: no resource found for suffixes {-context.xml, Context.groovy}.
2018-05-15 15:56:32.800  INFO 9970 --- [    Test worker] t.c.s.AnnotationConfigContextLoaderUtils : Could not detect default configuration classes for test class [com.crossover.techtrial.controller.CommentControllerTest]: CommentControllerTest does not declare any static, non-private, non-final, nested classes annotated with @Configuration.
2018-05-15 15:56:32.801  INFO 9970 --- [    Test worker] .b.t.c.SpringBootTestContextBootstrapper : Found @SpringBootConfiguration com.crossover.techtrial.CrossBlogsApplication for test class com.crossover.techtrial.controller.CommentControllerTest
2018-05-15 15:56:32.803  INFO 9970 --- [    Test worker] .b.t.c.SpringBootTestContextBootstrapper : Loaded default TestExecutionListener class names from location [META-INF/spring.factories]: [org.springframework.boot.test.autoconfigure.restdocs.RestDocsTestExecutionListener, org.springframework.boot.test.autoconfigure.web.client.MockRestServiceServerResetTestExecutionListener, org.springframework.boot.test.autoconfigure.web.servlet.MockMvcPrintOnlyOnFailureTestExecutionListener, org.springframework.boot.test.autoconfigure.web.servlet.WebDriverTestExecutionListener, org.springframework.boot.test.mock.mockito.MockitoTestExecutionListener, org.springframework.boot.test.mock.mockito.ResetMocksTestExecutionListener, org.springframework.test.context.web.ServletTestExecutionListener, org.springframework.test.context.support.DirtiesContextBeforeModesTestExecutionListener, org.springframework.test.context.support.DependencyInjectionTestExecutionListener, org.springframework.test.context.support.DirtiesContextTestExecutionListener, org.springframework.test.context.transaction.TransactionalTestExecutionListener, org.springframework.test.context.jdbc.SqlScriptsTestExecutionListener]
2018-05-15 15:56:32.804  INFO 9970 --- [    Test worker] .b.t.c.SpringBootTestContextBootstrapper : Using TestExecutionListeners: [org.springframework.test.context.web.ServletTestExecutionListener@1e7672ef, org.springframework.test.context.support.DirtiesContextBeforeModesTestExecutionListener@7d7b9a32, org.springframework.boot.test.mock.mockito.MockitoTestExecutionListener@20353ed9, org.springframework.boot.test.autoconfigure.SpringBootDependencyInjectionTestExecutionListener@3cc57063, org.springframework.test.context.support.DirtiesContextTestExecutionListener@11899c1e, org.springframework.test.context.transaction.TransactionalTestExecutionListener@30022e17, org.springframework.test.context.jdbc.SqlScriptsTestExecutionListener@39c80d38, org.springframework.boot.test.autoconfigure.restdocs.RestDocsTestExecutionListener@2e99340a, org.springframework.boot.test.autoconfigure.web.client.MockRestServiceServerResetTestExecutionListener@732d24ab, org.springframework.boot.test.autoconfigure.web.servlet.MockMvcPrintOnlyOnFailureTestExecutionListener@52fece4f, org.springframework.boot.test.autoconfigure.web.servlet.WebDriverTestExecutionListener@2ba6b8e5, org.springframework.boot.test.mock.mockito.ResetMocksTestExecutionListener@4cf8e0ff]
2018-05-15 15:56:32.825  INFO 9970 --- [    Test worker] o.s.t.c.transaction.TransactionContext   : Began transaction (1) for test context [DefaultTestContext@1dce0534 testClass = CommentControllerTest, testInstance = com.crossover.techtrial.controller.CommentControllerTest@fc69e6, testMethod = createComment@CommentControllerTest, testException = [null], mergedContextConfiguration = [WebMergedContextConfiguration@3cf54ba1 testClass = CommentControllerTest, locations = '{}', classes = '{class com.crossover.techtrial.CrossBlogsApplication}', contextInitializerClasses = '[]', activeProfiles = '{}', propertySourceLocations = '{}', propertySourceProperties = '{org.springframework.boot.test.context.SpringBootTestContextBootstrapper=true, server.port=0}', contextCustomizers = set[org.springframework.boot.test.autoconfigure.properties.PropertyMappingContextCustomizer@0, org.springframework.boot.test.autoconfigure.web.servlet.WebDriverContextCustomizerFactory$Customizer@1d0667ff, org.springframework.boot.test.context.filter.ExcludeFilterContextCustomizer@8218bdd, org.springframework.boot.test.json.DuplicateJsonObjectContextCustomizerFactory$DuplicateJsonObjectContextCustomizer@ba572ed, org.springframework.boot.test.mock.mockito.MockitoContextCustomizer@0, org.springframework.boot.test.web.client.TestRestTemplateContextCustomizer@6cfa4892], resourceBasePath = 'src/main/webapp', contextLoader = 'org.springframework.boot.test.context.SpringBootContextLoader', parent = [null]], attributes = map['org.springframework.test.context.web.ServletTestExecutionListener.activateListener' -> false]]; transaction manager [org.springframework.orm.jpa.JpaTransactionManager@5da340ff]; rollback [true]
2018-05-15 15:56:32.837  INFO 9970 --- [    Test worker] s.w.s.m.m.a.RequestMappingHandlerMapping : Mapped "{[/comments/getByArticleId/{article-id}],methods=[GET]}" onto public org.springframework.http.ResponseEntity<java.util.List<com.crossover.techtrial.model.Comment>> com.crossover.techtrial.controller.CommentController.getComments(java.lang.Long,org.springframework.data.domain.Pageable)
2018-05-15 15:56:32.838  INFO 9970 --- [    Test worker] s.w.s.m.m.a.RequestMappingHandlerMapping : Mapped "{[/comments/{comment-id}],methods=[GET]}" onto public org.springframework.http.ResponseEntity<com.crossover.techtrial.model.Comment> com.crossover.techtrial.controller.CommentController.getCommentById(java.lang.Long)
2018-05-15 15:56:32.838  INFO 9970 --- [    Test worker] s.w.s.m.m.a.RequestMappingHandlerMapping : Mapped "{[/comments],methods=[PUT]}" onto public org.springframework.http.ResponseEntity<com.crossover.techtrial.model.Comment> com.crossover.techtrial.controller.CommentController.updateComment(com.crossover.techtrial.model.Comment)
2018-05-15 15:56:32.838  INFO 9970 --- [    Test worker] s.w.s.m.m.a.RequestMappingHandlerMapping : Mapped "{[/comments/{comment-id}],methods=[DELETE]}" onto public org.springframework.http.ResponseEntity<java.lang.Void> com.crossover.techtrial.controller.CommentController.deleteCommentById(java.lang.Long)
2018-05-15 15:56:32.839  INFO 9970 --- [    Test worker] s.w.s.m.m.a.RequestMappingHandlerMapping : Mapped "{[/comments],methods=[GET]}" onto public org.springframework.http.ResponseEntity<java.util.List<com.crossover.techtrial.model.Comment>> com.crossover.techtrial.controller.CommentController.findAllComments(org.springframework.data.domain.Pageable)
2018-05-15 15:56:32.839  INFO 9970 --- [    Test worker] s.w.s.m.m.a.RequestMappingHandlerMapping : Mapped "{[/comments],methods=[POST]}" onto public org.springframework.http.ResponseEntity<com.crossover.techtrial.model.Comment> com.crossover.techtrial.controller.CommentController.createComment(com.crossover.techtrial.model.Comment)
2018-05-15 15:56:32.854  INFO 9970 --- [    Test worker] s.w.s.m.m.a.RequestMappingHandlerAdapter : Looking for @ControllerAdvice: org.springframework.test.web.servlet.setup.StubWebApplicationContext@2b00ba72
2018-05-15 15:56:32.857  INFO 9970 --- [    Test worker] .m.m.a.ExceptionHandlerExceptionResolver : Detected @ExceptionHandler methods in com.crossover.techtrial.exceptions.GlobalExceptionHandler#7a1b5596
2018-05-15 15:56:32.858  INFO 9970 --- [    Test worker] o.s.mock.web.MockServletContext          : Initializing Spring FrameworkServlet ''
2018-05-15 15:56:32.858  INFO 9970 --- [    Test worker] o.s.t.web.servlet.TestDispatcherServlet  : FrameworkServlet '': initialization started
2018-05-15 15:56:32.858  INFO 9970 --- [    Test worker] o.s.t.web.servlet.TestDispatcherServlet  : FrameworkServlet '': initialization completed in 0 ms
2018-05-15 15:56:32.863 DEBUG 9970 --- [    Test worker] org.hibernate.SQL                        : select comment0_.id as id1_1_, comment0_.article_id as article_5_1_, comment0_.date as date2_1_, comment0_.email as email3_1_, comment0_.message as message4_1_ from comment comment0_
DEFAULT_TITLE
2018-05-15 15:56:32.881 DEBUG 9970 --- [    Test worker] org.hibernate.SQL                        : insert into article (content, date, email, published, title) values (?, ?, ?, ?, ?)
2018-05-15 15:56:32.884 DEBUG 9970 --- [    Test worker] org.hibernate.SQL                        : insert into comment (article_id, date, email, message) values (?, ?, ?, ?)
2018-05-15 15:56:32.891 DEBUG 9970 --- [    Test worker] org.hibernate.SQL                        : select comment0_.id as id1_1_, comment0_.article_id as article_5_1_, comment0_.date as date2_1_, comment0_.email as email3_1_, comment0_.message as message4_1_ from comment comment0_
2018-05-15 15:56:32.937  INFO 9970 --- [    Test worker] o.s.t.c.transaction.TransactionContext   : Rolled back transaction for test context [DefaultTestContext@1dce0534 testClass = CommentControllerTest, testInstance = com.crossover.techtrial.controller.CommentControllerTest@fc69e6, testMethod = createComment@CommentControllerTest, testException = [null], mergedContextConfiguration = [WebMergedContextConfiguration@3cf54ba1 testClass = CommentControllerTest, locations = '{}', classes = '{class com.crossover.techtrial.CrossBlogsApplication}', contextInitializerClasses = '[]', activeProfiles = '{}', propertySourceLocations = '{}', propertySourceProperties = '{org.springframework.boot.test.context.SpringBootTestContextBootstrapper=true, server.port=0}', contextCustomizers = set[org.springframework.boot.test.autoconfigure.properties.PropertyMappingContextCustomizer@0, org.springframework.boot.test.autoconfigure.web.servlet.WebDriverContextCustomizerFactory$Customizer@1d0667ff, org.springframework.boot.test.context.filter.ExcludeFilterContextCustomizer@8218bdd, org.springframework.boot.test.json.DuplicateJsonObjectContextCustomizerFactory$DuplicateJsonObjectContextCustomizer@ba572ed, org.springframework.boot.test.mock.mockito.MockitoContextCustomizer@0, org.springframework.boot.test.web.client.TestRestTemplateContextCustomizer@6cfa4892], resourceBasePath = 'src/main/webapp', contextLoader = 'org.springframework.boot.test.context.SpringBootContextLoader', parent = [null]], attributes = map['org.springframework.test.context.web.ServletTestExecutionListener.activateListener' -> false]].
2018-05-15 15:56:32.940  INFO 9970 --- [    Test worker] o.s.t.c.transaction.TransactionContext   : Began transaction (1) for test context [DefaultTestContext@1dce0534 testClass = CommentControllerTest, testInstance = com.crossover.techtrial.controller.CommentControllerTest@333aa77e, testMethod = getAllComments@CommentControllerTest, testException = [null], mergedContextConfiguration = [WebMergedContextConfiguration@3cf54ba1 testClass = CommentControllerTest, locations = '{}', classes = '{class com.crossover.techtrial.CrossBlogsApplication}', contextInitializerClasses = '[]', activeProfiles = '{}', propertySourceLocations = '{}', propertySourceProperties = '{org.springframework.boot.test.context.SpringBootTestContextBootstrapper=true, server.port=0}', contextCustomizers = set[org.springframework.boot.test.autoconfigure.properties.PropertyMappingContextCustomizer@0, org.springframework.boot.test.autoconfigure.web.servlet.WebDriverContextCustomizerFactory$Customizer@1d0667ff, org.springframework.boot.test.context.filter.ExcludeFilterContextCustomizer@8218bdd, org.springframework.boot.test.json.DuplicateJsonObjectContextCustomizerFactory$DuplicateJsonObjectContextCustomizer@ba572ed, org.springframework.boot.test.mock.mockito.MockitoContextCustomizer@0, org.springframework.boot.test.web.client.TestRestTemplateContextCustomizer@6cfa4892], resourceBasePath = 'src/main/webapp', contextLoader = 'org.springframework.boot.test.context.SpringBootContextLoader', parent = [null]], attributes = map['org.springframework.test.context.web.ServletTestExecutionListener.activateListener' -> false]]; transaction manager [org.springframework.orm.jpa.JpaTransactionManager@5da340ff]; rollback [true]
2018-05-15 15:56:32.945  INFO 9970 --- [    Test worker] s.w.s.m.m.a.RequestMappingHandlerMapping : Mapped "{[/comments/getByArticleId/{article-id}],methods=[GET]}" onto public org.springframework.http.ResponseEntity<java.util.List<com.crossover.techtrial.model.Comment>> com.crossover.techtrial.controller.CommentController.getComments(java.lang.Long,org.springframework.data.domain.Pageable)
2018-05-15 15:56:32.946  INFO 9970 --- [    Test worker] s.w.s.m.m.a.RequestMappingHandlerMapping : Mapped "{[/comments/{comment-id}],methods=[GET]}" onto public org.springframework.http.ResponseEntity<com.crossover.techtrial.model.Comment> com.crossover.techtrial.controller.CommentController.getCommentById(java.lang.Long)
2018-05-15 15:56:32.946  INFO 9970 --- [    Test worker] s.w.s.m.m.a.RequestMappingHandlerMapping : Mapped "{[/comments],methods=[PUT]}" onto public org.springframework.http.ResponseEntity<com.crossover.techtrial.model.Comment> com.crossover.techtrial.controller.CommentController.updateComment(com.crossover.techtrial.model.Comment)
2018-05-15 15:56:32.946  INFO 9970 --- [    Test worker] s.w.s.m.m.a.RequestMappingHandlerMapping : Mapped "{[/comments/{comment-id}],methods=[DELETE]}" onto public org.springframework.http.ResponseEntity<java.lang.Void> com.crossover.techtrial.controller.CommentController.deleteCommentById(java.lang.Long)
2018-05-15 15:56:32.946  INFO 9970 --- [    Test worker] s.w.s.m.m.a.RequestMappingHandlerMapping : Mapped "{[/comments],methods=[GET]}" onto public org.springframework.http.ResponseEntity<java.util.List<com.crossover.techtrial.model.Comment>> com.crossover.techtrial.controller.CommentController.findAllComments(org.springframework.data.domain.Pageable)
2018-05-15 15:56:32.947  INFO 9970 --- [    Test worker] s.w.s.m.m.a.RequestMappingHandlerMapping : Mapped "{[/comments],methods=[POST]}" onto public org.springframework.http.ResponseEntity<com.crossover.techtrial.model.Comment> com.crossover.techtrial.controller.CommentController.createComment(com.crossover.techtrial.model.Comment)
2018-05-15 15:56:32.957  INFO 9970 --- [    Test worker] s.w.s.m.m.a.RequestMappingHandlerAdapter : Looking for @ControllerAdvice: org.springframework.test.web.servlet.setup.StubWebApplicationContext@ff89290
2018-05-15 15:56:32.960  INFO 9970 --- [    Test worker] .m.m.a.ExceptionHandlerExceptionResolver : Detected @ExceptionHandler methods in com.crossover.techtrial.exceptions.GlobalExceptionHandler#7a1b5596
2018-05-15 15:56:32.961  INFO 9970 --- [    Test worker] o.s.mock.web.MockServletContext          : Initializing Spring FrameworkServlet ''
2018-05-15 15:56:32.961  INFO 9970 --- [    Test worker] o.s.t.web.servlet.TestDispatcherServlet  : FrameworkServlet '': initialization started
2018-05-15 15:56:32.961  INFO 9970 --- [    Test worker] o.s.t.web.servlet.TestDispatcherServlet  : FrameworkServlet '': initialization completed in 0 ms
2018-05-15 15:56:32.963 DEBUG 9970 --- [    Test worker] org.hibernate.SQL                        : insert into article (content, date, email, published, title) values (?, ?, ?, ?, ?)
2018-05-15 15:56:32.966 DEBUG 9970 --- [    Test worker] org.hibernate.SQL                        : insert into comment (article_id, date, email, message) values (?, ?, ?, ?)
2018-05-15 15:56:32.970 DEBUG 9970 --- [    Test worker] org.hibernate.SQL                        : select comment0_.id as id1_1_, comment0_.article_id as article_5_1_, comment0_.date as date2_1_, comment0_.email as email3_1_, comment0_.message as message4_1_ from comment comment0_ limit ?
2018-05-15 15:56:33.026  INFO 9970 --- [    Test worker] o.s.t.c.transaction.TransactionContext   : Rolled back transaction for test context [DefaultTestContext@1dce0534 testClass = CommentControllerTest, testInstance = com.crossover.techtrial.controller.CommentControllerTest@333aa77e, testMethod = getAllComments@CommentControllerTest, testException = [null], mergedContextConfiguration = [WebMergedContextConfiguration@3cf54ba1 testClass = CommentControllerTest, locations = '{}', classes = '{class com.crossover.techtrial.CrossBlogsApplication}', contextInitializerClasses = '[]', activeProfiles = '{}', propertySourceLocations = '{}', propertySourceProperties = '{org.springframework.boot.test.context.SpringBootTestContextBootstrapper=true, server.port=0}', contextCustomizers = set[org.springframework.boot.test.autoconfigure.properties.PropertyMappingContextCustomizer@0, org.springframework.boot.test.autoconfigure.web.servlet.WebDriverContextCustomizerFactory$Customizer@1d0667ff, org.springframework.boot.test.context.filter.ExcludeFilterContextCustomizer@8218bdd, org.springframework.boot.test.json.DuplicateJsonObjectContextCustomizerFactory$DuplicateJsonObjectContextCustomizer@ba572ed, org.springframework.boot.test.mock.mockito.MockitoContextCustomizer@0, org.springframework.boot.test.web.client.TestRestTemplateContextCustomizer@6cfa4892], resourceBasePath = 'src/main/webapp', contextLoader = 'org.springframework.boot.test.context.SpringBootContextLoader', parent = [null]], attributes = map['org.springframework.test.context.web.ServletTestExecutionListener.activateListener' -> false]].
2018-05-15 15:56:33.028  INFO 9970 --- [    Test worker] o.s.t.c.transaction.TransactionContext   : Began transaction (1) for test context [DefaultTestContext@1dce0534 testClass = CommentControllerTest, testInstance = com.crossover.techtrial.controller.CommentControllerTest@52dada2a, testMethod = updateComment@CommentControllerTest, testException = [null], mergedContextConfiguration = [WebMergedContextConfiguration@3cf54ba1 testClass = CommentControllerTest, locations = '{}', classes = '{class com.crossover.techtrial.CrossBlogsApplication}', contextInitializerClasses = '[]', activeProfiles = '{}', propertySourceLocations = '{}', propertySourceProperties = '{org.springframework.boot.test.context.SpringBootTestContextBootstrapper=true, server.port=0}', contextCustomizers = set[org.springframework.boot.test.autoconfigure.properties.PropertyMappingContextCustomizer@0, org.springframework.boot.test.autoconfigure.web.servlet.WebDriverContextCustomizerFactory$Customizer@1d0667ff, org.springframework.boot.test.context.filter.ExcludeFilterContextCustomizer@8218bdd, org.springframework.boot.test.json.DuplicateJsonObjectContextCustomizerFactory$DuplicateJsonObjectContextCustomizer@ba572ed, org.springframework.boot.test.mock.mockito.MockitoContextCustomizer@0, org.springframework.boot.test.web.client.TestRestTemplateContextCustomizer@6cfa4892], resourceBasePath = 'src/main/webapp', contextLoader = 'org.springframework.boot.test.context.SpringBootContextLoader', parent = [null]], attributes = map['org.springframework.test.context.web.ServletTestExecutionListener.activateListener' -> false]]; transaction manager [org.springframework.orm.jpa.JpaTransactionManager@5da340ff]; rollback [true]
2018-05-15 15:56:33.032  INFO 9970 --- [    Test worker] s.w.s.m.m.a.RequestMappingHandlerMapping : Mapped "{[/comments/getByArticleId/{article-id}],methods=[GET]}" onto public org.springframework.http.ResponseEntity<java.util.List<com.crossover.techtrial.model.Comment>> com.crossover.techtrial.controller.CommentController.getComments(java.lang.Long,org.springframework.data.domain.Pageable)
2018-05-15 15:56:33.032  INFO 9970 --- [    Test worker] s.w.s.m.m.a.RequestMappingHandlerMapping : Mapped "{[/comments/{comment-id}],methods=[GET]}" onto public org.springframework.http.ResponseEntity<com.crossover.techtrial.model.Comment> com.crossover.techtrial.controller.CommentController.getCommentById(java.lang.Long)
2018-05-15 15:56:33.032  INFO 9970 --- [    Test worker] s.w.s.m.m.a.RequestMappingHandlerMapping : Mapped "{[/comments],methods=[PUT]}" onto public org.springframework.http.ResponseEntity<com.crossover.techtrial.model.Comment> com.crossover.techtrial.controller.CommentController.updateComment(com.crossover.techtrial.model.Comment)
2018-05-15 15:56:33.032  INFO 9970 --- [    Test worker] s.w.s.m.m.a.RequestMappingHandlerMapping : Mapped "{[/comments/{comment-id}],methods=[DELETE]}" onto public org.springframework.http.ResponseEntity<java.lang.Void> com.crossover.techtrial.controller.CommentController.deleteCommentById(java.lang.Long)
2018-05-15 15:56:33.033  INFO 9970 --- [    Test worker] s.w.s.m.m.a.RequestMappingHandlerMapping : Mapped "{[/comments],methods=[GET]}" onto public org.springframework.http.ResponseEntity<java.util.List<com.crossover.techtrial.model.Comment>> com.crossover.techtrial.controller.CommentController.findAllComments(org.springframework.data.domain.Pageable)
2018-05-15 15:56:33.033  INFO 9970 --- [    Test worker] s.w.s.m.m.a.RequestMappingHandlerMapping : Mapped "{[/comments],methods=[POST]}" onto public org.springframework.http.ResponseEntity<com.crossover.techtrial.model.Comment> com.crossover.techtrial.controller.CommentController.createComment(com.crossover.techtrial.model.Comment)
2018-05-15 15:56:33.047  INFO 9970 --- [    Test worker] s.w.s.m.m.a.RequestMappingHandlerAdapter : Looking for @ControllerAdvice: org.springframework.test.web.servlet.setup.StubWebApplicationContext@3e9d54d2
2018-05-15 15:56:33.049  INFO 9970 --- [    Test worker] .m.m.a.ExceptionHandlerExceptionResolver : Detected @ExceptionHandler methods in com.crossover.techtrial.exceptions.GlobalExceptionHandler#7a1b5596
2018-05-15 15:56:33.050  INFO 9970 --- [    Test worker] o.s.mock.web.MockServletContext          : Initializing Spring FrameworkServlet ''
2018-05-15 15:56:33.050  INFO 9970 --- [    Test worker] o.s.t.web.servlet.TestDispatcherServlet  : FrameworkServlet '': initialization started
2018-05-15 15:56:33.050  INFO 9970 --- [    Test worker] o.s.t.web.servlet.TestDispatcherServlet  : FrameworkServlet '': initialization completed in 0 ms
2018-05-15 15:56:33.051 DEBUG 9970 --- [    Test worker] org.hibernate.SQL                        : insert into article (content, date, email, published, title) values (?, ?, ?, ?, ?)
2018-05-15 15:56:33.053 DEBUG 9970 --- [    Test worker] org.hibernate.SQL                        : insert into comment (article_id, date, email, message) values (?, ?, ?, ?)
2018-05-15 15:56:33.056 DEBUG 9970 --- [    Test worker] org.hibernate.SQL                        : select comment0_.id as id1_1_, comment0_.article_id as article_5_1_, comment0_.date as date2_1_, comment0_.email as email3_1_, comment0_.message as message4_1_ from comment comment0_
2018-05-15 15:56:33.081 DEBUG 9970 --- [    Test worker] org.hibernate.SQL                        : update comment set article_id=?, date=?, email=?, message=? where id=?
2018-05-15 15:56:33.083 DEBUG 9970 --- [    Test worker] org.hibernate.SQL                        : select comment0_.id as id1_1_, comment0_.article_id as article_5_1_, comment0_.date as date2_1_, comment0_.email as email3_1_, comment0_.message as message4_1_ from comment comment0_
2018-05-15 15:56:33.126  INFO 9970 --- [    Test worker] o.s.t.c.transaction.TransactionContext   : Rolled back transaction for test context [DefaultTestContext@1dce0534 testClass = CommentControllerTest, testInstance = com.crossover.techtrial.controller.CommentControllerTest@52dada2a, testMethod = updateComment@CommentControllerTest, testException = [null], mergedContextConfiguration = [WebMergedContextConfiguration@3cf54ba1 testClass = CommentControllerTest, locations = '{}', classes = '{class com.crossover.techtrial.CrossBlogsApplication}', contextInitializerClasses = '[]', activeProfiles = '{}', propertySourceLocations = '{}', propertySourceProperties = '{org.springframework.boot.test.context.SpringBootTestContextBootstrapper=true, server.port=0}', contextCustomizers = set[org.springframework.boot.test.autoconfigure.properties.PropertyMappingContextCustomizer@0, org.springframework.boot.test.autoconfigure.web.servlet.WebDriverContextCustomizerFactory$Customizer@1d0667ff, org.springframework.boot.test.context.filter.ExcludeFilterContextCustomizer@8218bdd, org.springframework.boot.test.json.DuplicateJsonObjectContextCustomizerFactory$DuplicateJsonObjectContextCustomizer@ba572ed, org.springframework.boot.test.mock.mockito.MockitoContextCustomizer@0, org.springframework.boot.test.web.client.TestRestTemplateContextCustomizer@6cfa4892], resourceBasePath = 'src/main/webapp', contextLoader = 'org.springframework.boot.test.context.SpringBootContextLoader', parent = [null]], attributes = map['org.springframework.test.context.web.ServletTestExecutionListener.activateListener' -> false]].
2018-05-15 15:56:33.128  INFO 9970 --- [    Test worker] o.s.t.c.transaction.TransactionContext   : Began transaction (1) for test context [DefaultTestContext@1dce0534 testClass = CommentControllerTest, testInstance = com.crossover.techtrial.controller.CommentControllerTest@6cccb282, testMethod = getCommentsByArticleId@CommentControllerTest, testException = [null], mergedContextConfiguration = [WebMergedContextConfiguration@3cf54ba1 testClass = CommentControllerTest, locations = '{}', classes = '{class com.crossover.techtrial.CrossBlogsApplication}', contextInitializerClasses = '[]', activeProfiles = '{}', propertySourceLocations = '{}', propertySourceProperties = '{org.springframework.boot.test.context.SpringBootTestContextBootstrapper=true, server.port=0}', contextCustomizers = set[org.springframework.boot.test.autoconfigure.properties.PropertyMappingContextCustomizer@0, org.springframework.boot.test.autoconfigure.web.servlet.WebDriverContextCustomizerFactory$Customizer@1d0667ff, org.springframework.boot.test.context.filter.ExcludeFilterContextCustomizer@8218bdd, org.springframework.boot.test.json.DuplicateJsonObjectContextCustomizerFactory$DuplicateJsonObjectContextCustomizer@ba572ed, org.springframework.boot.test.mock.mockito.MockitoContextCustomizer@0, org.springframework.boot.test.web.client.TestRestTemplateContextCustomizer@6cfa4892], resourceBasePath = 'src/main/webapp', contextLoader = 'org.springframework.boot.test.context.SpringBootContextLoader', parent = [null]], attributes = map['org.springframework.test.context.web.ServletTestExecutionListener.activateListener' -> false]]; transaction manager [org.springframework.orm.jpa.JpaTransactionManager@5da340ff]; rollback [true]
2018-05-15 15:56:33.131  INFO 9970 --- [    Test worker] s.w.s.m.m.a.RequestMappingHandlerMapping : Mapped "{[/comments/getByArticleId/{article-id}],methods=[GET]}" onto public org.springframework.http.ResponseEntity<java.util.List<com.crossover.techtrial.model.Comment>> com.crossover.techtrial.controller.CommentController.getComments(java.lang.Long,org.springframework.data.domain.Pageable)
2018-05-15 15:56:33.131  INFO 9970 --- [    Test worker] s.w.s.m.m.a.RequestMappingHandlerMapping : Mapped "{[/comments/{comment-id}],methods=[GET]}" onto public org.springframework.http.ResponseEntity<com.crossover.techtrial.model.Comment> com.crossover.techtrial.controller.CommentController.getCommentById(java.lang.Long)
2018-05-15 15:56:33.131  INFO 9970 --- [    Test worker] s.w.s.m.m.a.RequestMappingHandlerMapping : Mapped "{[/comments],methods=[PUT]}" onto public org.springframework.http.ResponseEntity<com.crossover.techtrial.model.Comment> com.crossover.techtrial.controller.CommentController.updateComment(com.crossover.techtrial.model.Comment)
2018-05-15 15:56:33.132  INFO 9970 --- [    Test worker] s.w.s.m.m.a.RequestMappingHandlerMapping : Mapped "{[/comments/{comment-id}],methods=[DELETE]}" onto public org.springframework.http.ResponseEntity<java.lang.Void> com.crossover.techtrial.controller.CommentController.deleteCommentById(java.lang.Long)
2018-05-15 15:56:33.132  INFO 9970 --- [    Test worker] s.w.s.m.m.a.RequestMappingHandlerMapping : Mapped "{[/comments],methods=[GET]}" onto public org.springframework.http.ResponseEntity<java.util.List<com.crossover.techtrial.model.Comment>> com.crossover.techtrial.controller.CommentController.findAllComments(org.springframework.data.domain.Pageable)
2018-05-15 15:56:33.132  INFO 9970 --- [    Test worker] s.w.s.m.m.a.RequestMappingHandlerMapping : Mapped "{[/comments],methods=[POST]}" onto public org.springframework.http.ResponseEntity<com.crossover.techtrial.model.Comment> com.crossover.techtrial.controller.CommentController.createComment(com.crossover.techtrial.model.Comment)
2018-05-15 15:56:33.143  INFO 9970 --- [    Test worker] s.w.s.m.m.a.RequestMappingHandlerAdapter : Looking for @ControllerAdvice: org.springframework.test.web.servlet.setup.StubWebApplicationContext@644bf059
2018-05-15 15:56:33.146  INFO 9970 --- [    Test worker] .m.m.a.ExceptionHandlerExceptionResolver : Detected @ExceptionHandler methods in com.crossover.techtrial.exceptions.GlobalExceptionHandler#7a1b5596
2018-05-15 15:56:33.146  INFO 9970 --- [    Test worker] o.s.mock.web.MockServletContext          : Initializing Spring FrameworkServlet ''
2018-05-15 15:56:33.146  INFO 9970 --- [    Test worker] o.s.t.web.servlet.TestDispatcherServlet  : FrameworkServlet '': initialization started
2018-05-15 15:56:33.147  INFO 9970 --- [    Test worker] o.s.t.web.servlet.TestDispatcherServlet  : FrameworkServlet '': initialization completed in 1 ms
2018-05-15 15:56:33.148 DEBUG 9970 --- [    Test worker] org.hibernate.SQL                        : insert into article (content, date, email, published, title) values (?, ?, ?, ?, ?)
2018-05-15 15:56:33.151 DEBUG 9970 --- [    Test worker] org.hibernate.SQL                        : insert into comment (article_id, date, email, message) values (?, ?, ?, ?)
2018-05-15 15:56:33.187 DEBUG 9970 --- [    Test worker] org.hibernate.SQL                        : select comment0_.id as id1_1_, comment0_.article_id as article_5_1_, comment0_.date as date2_1_, comment0_.email as email3_1_, comment0_.message as message4_1_ from comment comment0_ left outer join article article1_ on comment0_.article_id=article1_.id where article1_.id=? order by comment0_.date asc limit ?
2018-05-15 15:56:33.238  INFO 9970 --- [    Test worker] o.s.t.c.transaction.TransactionContext   : Rolled back transaction for test context [DefaultTestContext@1dce0534 testClass = CommentControllerTest, testInstance = com.crossover.techtrial.controller.CommentControllerTest@6cccb282, testMethod = getCommentsByArticleId@CommentControllerTest, testException = [null], mergedContextConfiguration = [WebMergedContextConfiguration@3cf54ba1 testClass = CommentControllerTest, locations = '{}', classes = '{class com.crossover.techtrial.CrossBlogsApplication}', contextInitializerClasses = '[]', activeProfiles = '{}', propertySourceLocations = '{}', propertySourceProperties = '{org.springframework.boot.test.context.SpringBootTestContextBootstrapper=true, server.port=0}', contextCustomizers = set[org.springframework.boot.test.autoconfigure.properties.PropertyMappingContextCustomizer@0, org.springframework.boot.test.autoconfigure.web.servlet.WebDriverContextCustomizerFactory$Customizer@1d0667ff, org.springframework.boot.test.context.filter.ExcludeFilterContextCustomizer@8218bdd, org.springframework.boot.test.json.DuplicateJsonObjectContextCustomizerFactory$DuplicateJsonObjectContextCustomizer@ba572ed, org.springframework.boot.test.mock.mockito.MockitoContextCustomizer@0, org.springframework.boot.test.web.client.TestRestTemplateContextCustomizer@6cfa4892], resourceBasePath = 'src/main/webapp', contextLoader = 'org.springframework.boot.test.context.SpringBootContextLoader', parent = [null]], attributes = map['org.springframework.test.context.web.ServletTestExecutionListener.activateListener' -> false]].
2018-05-15 15:56:33.244  INFO 9970 --- [    Test worker] o.s.t.c.transaction.TransactionContext   : Began transaction (1) for test context [DefaultTestContext@1dce0534 testClass = CommentControllerTest, testInstance = com.crossover.techtrial.controller.CommentControllerTest@7273b0f3, testMethod = deleteComment@CommentControllerTest, testException = [null], mergedContextConfiguration = [WebMergedContextConfiguration@3cf54ba1 testClass = CommentControllerTest, locations = '{}', classes = '{class com.crossover.techtrial.CrossBlogsApplication}', contextInitializerClasses = '[]', activeProfiles = '{}', propertySourceLocations = '{}', propertySourceProperties = '{org.springframework.boot.test.context.SpringBootTestContextBootstrapper=true, server.port=0}', contextCustomizers = set[org.springframework.boot.test.autoconfigure.properties.PropertyMappingContextCustomizer@0, org.springframework.boot.test.autoconfigure.web.servlet.WebDriverContextCustomizerFactory$Customizer@1d0667ff, org.springframework.boot.test.context.filter.ExcludeFilterContextCustomizer@8218bdd, org.springframework.boot.test.json.DuplicateJsonObjectContextCustomizerFactory$DuplicateJsonObjectContextCustomizer@ba572ed, org.springframework.boot.test.mock.mockito.MockitoContextCustomizer@0, org.springframework.boot.test.web.client.TestRestTemplateContextCustomizer@6cfa4892], resourceBasePath = 'src/main/webapp', contextLoader = 'org.springframework.boot.test.context.SpringBootContextLoader', parent = [null]], attributes = map['org.springframework.test.context.web.ServletTestExecutionListener.activateListener' -> false]]; transaction manager [org.springframework.orm.jpa.JpaTransactionManager@5da340ff]; rollback [true]
2018-05-15 15:56:33.249  INFO 9970 --- [    Test worker] s.w.s.m.m.a.RequestMappingHandlerMapping : Mapped "{[/comments/getByArticleId/{article-id}],methods=[GET]}" onto public org.springframework.http.ResponseEntity<java.util.List<com.crossover.techtrial.model.Comment>> com.crossover.techtrial.controller.CommentController.getComments(java.lang.Long,org.springframework.data.domain.Pageable)
2018-05-15 15:56:33.250  INFO 9970 --- [    Test worker] s.w.s.m.m.a.RequestMappingHandlerMapping : Mapped "{[/comments/{comment-id}],methods=[GET]}" onto public org.springframework.http.ResponseEntity<com.crossover.techtrial.model.Comment> com.crossover.techtrial.controller.CommentController.getCommentById(java.lang.Long)
2018-05-15 15:56:33.250  INFO 9970 --- [    Test worker] s.w.s.m.m.a.RequestMappingHandlerMapping : Mapped "{[/comments],methods=[PUT]}" onto public org.springframework.http.ResponseEntity<com.crossover.techtrial.model.Comment> com.crossover.techtrial.controller.CommentController.updateComment(com.crossover.techtrial.model.Comment)
2018-05-15 15:56:33.250  INFO 9970 --- [    Test worker] s.w.s.m.m.a.RequestMappingHandlerMapping : Mapped "{[/comments/{comment-id}],methods=[DELETE]}" onto public org.springframework.http.ResponseEntity<java.lang.Void> com.crossover.techtrial.controller.CommentController.deleteCommentById(java.lang.Long)
2018-05-15 15:56:33.251  INFO 9970 --- [    Test worker] s.w.s.m.m.a.RequestMappingHandlerMapping : Mapped "{[/comments],methods=[GET]}" onto public org.springframework.http.ResponseEntity<java.util.List<com.crossover.techtrial.model.Comment>> com.crossover.techtrial.controller.CommentController.findAllComments(org.springframework.data.domain.Pageable)
2018-05-15 15:56:33.251  INFO 9970 --- [    Test worker] s.w.s.m.m.a.RequestMappingHandlerMapping : Mapped "{[/comments],methods=[POST]}" onto public org.springframework.http.ResponseEntity<com.crossover.techtrial.model.Comment> com.crossover.techtrial.controller.CommentController.createComment(com.crossover.techtrial.model.Comment)
2018-05-15 15:56:33.261  INFO 9970 --- [    Test worker] s.w.s.m.m.a.RequestMappingHandlerAdapter : Looking for @ControllerAdvice: org.springframework.test.web.servlet.setup.StubWebApplicationContext@53cf1fef
2018-05-15 15:56:33.264  INFO 9970 --- [    Test worker] .m.m.a.ExceptionHandlerExceptionResolver : Detected @ExceptionHandler methods in com.crossover.techtrial.exceptions.GlobalExceptionHandler#7a1b5596
2018-05-15 15:56:33.264  INFO 9970 --- [    Test worker] o.s.mock.web.MockServletContext          : Initializing Spring FrameworkServlet ''
2018-05-15 15:56:33.264  INFO 9970 --- [    Test worker] o.s.t.web.servlet.TestDispatcherServlet  : FrameworkServlet '': initialization started
2018-05-15 15:56:33.265  INFO 9970 --- [    Test worker] o.s.t.web.servlet.TestDispatcherServlet  : FrameworkServlet '': initialization completed in 1 ms
2018-05-15 15:56:33.266 DEBUG 9970 --- [    Test worker] org.hibernate.SQL                        : insert into article (content, date, email, published, title) values (?, ?, ?, ?, ?)
2018-05-15 15:56:33.268 DEBUG 9970 --- [    Test worker] org.hibernate.SQL                        : insert into comment (article_id, date, email, message) values (?, ?, ?, ?)
2018-05-15 15:56:33.271 DEBUG 9970 --- [    Test worker] org.hibernate.SQL                        : select comment0_.id as id1_1_, comment0_.article_id as article_5_1_, comment0_.date as date2_1_, comment0_.email as email3_1_, comment0_.message as message4_1_ from comment comment0_
2018-05-15 15:56:33.276 DEBUG 9970 --- [    Test worker] org.hibernate.SQL                        : delete from comment where id=?
2018-05-15 15:56:33.278 DEBUG 9970 --- [    Test worker] org.hibernate.SQL                        : select comment0_.id as id1_1_, comment0_.article_id as article_5_1_, comment0_.date as date2_1_, comment0_.email as email3_1_, comment0_.message as message4_1_ from comment comment0_
2018-05-15 15:56:33.326  INFO 9970 --- [    Test worker] o.s.t.c.transaction.TransactionContext   : Rolled back transaction for test context [DefaultTestContext@1dce0534 testClass = CommentControllerTest, testInstance = com.crossover.techtrial.controller.CommentControllerTest@7273b0f3, testMethod = deleteComment@CommentControllerTest, testException = [null], mergedContextConfiguration = [WebMergedContextConfiguration@3cf54ba1 testClass = CommentControllerTest, locations = '{}', classes = '{class com.crossover.techtrial.CrossBlogsApplication}', contextInitializerClasses = '[]', activeProfiles = '{}', propertySourceLocations = '{}', propertySourceProperties = '{org.springframework.boot.test.context.SpringBootTestContextBootstrapper=true, server.port=0}', contextCustomizers = set[org.springframework.boot.test.autoconfigure.properties.PropertyMappingContextCustomizer@0, org.springframework.boot.test.autoconfigure.web.servlet.WebDriverContextCustomizerFactory$Customizer@1d0667ff, org.springframework.boot.test.context.filter.ExcludeFilterContextCustomizer@8218bdd, org.springframework.boot.test.json.DuplicateJsonObjectContextCustomizerFactory$DuplicateJsonObjectContextCustomizer@ba572ed, org.springframework.boot.test.mock.mockito.MockitoContextCustomizer@0, org.springframework.boot.test.web.client.TestRestTemplateContextCustomizer@6cfa4892], resourceBasePath = 'src/main/webapp', contextLoader = 'org.springframework.boot.test.context.SpringBootContextLoader', parent = [null]], attributes = map['org.springframework.test.context.web.ServletTestExecutionListener.activateListener' -> false]].
2018-05-15 15:56:33.331  INFO 9970 --- [    Test worker] o.s.t.c.transaction.TransactionContext   : Began transaction (1) for test context [DefaultTestContext@1dce0534 testClass = CommentControllerTest, testInstance = com.crossover.techtrial.controller.CommentControllerTest@589052b5, testMethod = getComment@CommentControllerTest, testException = [null], mergedContextConfiguration = [WebMergedContextConfiguration@3cf54ba1 testClass = CommentControllerTest, locations = '{}', classes = '{class com.crossover.techtrial.CrossBlogsApplication}', contextInitializerClasses = '[]', activeProfiles = '{}', propertySourceLocations = '{}', propertySourceProperties = '{org.springframework.boot.test.context.SpringBootTestContextBootstrapper=true, server.port=0}', contextCustomizers = set[org.springframework.boot.test.autoconfigure.properties.PropertyMappingContextCustomizer@0, org.springframework.boot.test.autoconfigure.web.servlet.WebDriverContextCustomizerFactory$Customizer@1d0667ff, org.springframework.boot.test.context.filter.ExcludeFilterContextCustomizer@8218bdd, org.springframework.boot.test.json.DuplicateJsonObjectContextCustomizerFactory$DuplicateJsonObjectContextCustomizer@ba572ed, org.springframework.boot.test.mock.mockito.MockitoContextCustomizer@0, org.springframework.boot.test.web.client.TestRestTemplateContextCustomizer@6cfa4892], resourceBasePath = 'src/main/webapp', contextLoader = 'org.springframework.boot.test.context.SpringBootContextLoader', parent = [null]], attributes = map['org.springframework.test.context.web.ServletTestExecutionListener.activateListener' -> false]]; transaction manager [org.springframework.orm.jpa.JpaTransactionManager@5da340ff]; rollback [true]
2018-05-15 15:56:33.337  INFO 9970 --- [    Test worker] s.w.s.m.m.a.RequestMappingHandlerMapping : Mapped "{[/comments/getByArticleId/{article-id}],methods=[GET]}" onto public org.springframework.http.ResponseEntity<java.util.List<com.crossover.techtrial.model.Comment>> com.crossover.techtrial.controller.CommentController.getComments(java.lang.Long,org.springframework.data.domain.Pageable)
2018-05-15 15:56:33.337  INFO 9970 --- [    Test worker] s.w.s.m.m.a.RequestMappingHandlerMapping : Mapped "{[/comments/{comment-id}],methods=[GET]}" onto public org.springframework.http.ResponseEntity<com.crossover.techtrial.model.Comment> com.crossover.techtrial.controller.CommentController.getCommentById(java.lang.Long)
2018-05-15 15:56:33.337  INFO 9970 --- [    Test worker] s.w.s.m.m.a.RequestMappingHandlerMapping : Mapped "{[/comments],methods=[PUT]}" onto public org.springframework.http.ResponseEntity<com.crossover.techtrial.model.Comment> com.crossover.techtrial.controller.CommentController.updateComment(com.crossover.techtrial.model.Comment)
2018-05-15 15:56:33.338  INFO 9970 --- [    Test worker] s.w.s.m.m.a.RequestMappingHandlerMapping : Mapped "{[/comments/{comment-id}],methods=[DELETE]}" onto public org.springframework.http.ResponseEntity<java.lang.Void> com.crossover.techtrial.controller.CommentController.deleteCommentById(java.lang.Long)
2018-05-15 15:56:33.338  INFO 9970 --- [    Test worker] s.w.s.m.m.a.RequestMappingHandlerMapping : Mapped "{[/comments],methods=[GET]}" onto public org.springframework.http.ResponseEntity<java.util.List<com.crossover.techtrial.model.Comment>> com.crossover.techtrial.controller.CommentController.findAllComments(org.springframework.data.domain.Pageable)
2018-05-15 15:56:33.338  INFO 9970 --- [    Test worker] s.w.s.m.m.a.RequestMappingHandlerMapping : Mapped "{[/comments],methods=[POST]}" onto public org.springframework.http.ResponseEntity<com.crossover.techtrial.model.Comment> com.crossover.techtrial.controller.CommentController.createComment(com.crossover.techtrial.model.Comment)
2018-05-15 15:56:33.345  INFO 9970 --- [    Test worker] s.w.s.m.m.a.RequestMappingHandlerAdapter : Looking for @ControllerAdvice: org.springframework.test.web.servlet.setup.StubWebApplicationContext@8e140f8
2018-05-15 15:56:33.346  INFO 9970 --- [    Test worker] .m.m.a.ExceptionHandlerExceptionResolver : Detected @ExceptionHandler methods in com.crossover.techtrial.exceptions.GlobalExceptionHandler#7a1b5596
2018-05-15 15:56:33.347  INFO 9970 --- [    Test worker] o.s.mock.web.MockServletContext          : Initializing Spring FrameworkServlet ''
2018-05-15 15:56:33.347  INFO 9970 --- [    Test worker] o.s.t.web.servlet.TestDispatcherServlet  : FrameworkServlet '': initialization started
2018-05-15 15:56:33.347  INFO 9970 --- [    Test worker] o.s.t.web.servlet.TestDispatcherServlet  : FrameworkServlet '': initialization completed in 0 ms
2018-05-15 15:56:33.348 DEBUG 9970 --- [    Test worker] org.hibernate.SQL                        : insert into article (content, date, email, published, title) values (?, ?, ?, ?, ?)
2018-05-15 15:56:33.352 DEBUG 9970 --- [    Test worker] org.hibernate.SQL                        : insert into comment (article_id, date, email, message) values (?, ?, ?, ?)
2018-05-15 15:56:33.427  INFO 9970 --- [    Test worker] o.s.t.c.transaction.TransactionContext   : Rolled back transaction for test context [DefaultTestContext@1dce0534 testClass = CommentControllerTest, testInstance = com.crossover.techtrial.controller.CommentControllerTest@589052b5, testMethod = getComment@CommentControllerTest, testException = [null], mergedContextConfiguration = [WebMergedContextConfiguration@3cf54ba1 testClass = CommentControllerTest, locations = '{}', classes = '{class com.crossover.techtrial.CrossBlogsApplication}', contextInitializerClasses = '[]', activeProfiles = '{}', propertySourceLocations = '{}', propertySourceProperties = '{org.springframework.boot.test.context.SpringBootTestContextBootstrapper=true, server.port=0}', contextCustomizers = set[org.springframework.boot.test.autoconfigure.properties.PropertyMappingContextCustomizer@0, org.springframework.boot.test.autoconfigure.web.servlet.WebDriverContextCustomizerFactory$Customizer@1d0667ff, org.springframework.boot.test.context.filter.ExcludeFilterContextCustomizer@8218bdd, org.springframework.boot.test.json.DuplicateJsonObjectContextCustomizerFactory$DuplicateJsonObjectContextCustomizer@ba572ed, org.springframework.boot.test.mock.mockito.MockitoContextCustomizer@0, org.springframework.boot.test.web.client.TestRestTemplateContextCustomizer@6cfa4892], resourceBasePath = 'src/main/webapp', contextLoader = 'org.springframework.boot.test.context.SpringBootContextLoader', parent = [null]], attributes = map['org.springframework.test.context.web.ServletTestExecutionListener.activateListener' -> false]].
]]></system-out>
  <system-err><![CDATA[]]></system-err>
</testsuite>
